Flutter crash report.
Please report a bug at https://github.com/flutter/flutter/issues.

## command

flutter pub get

## exception

FileSystemException: FileSystemException: Deletion failed, path = '/home/idunnuoluwa/code/flutter_dart projects/rider/linux/flutter/ephemeral/.plugin_symlinks' (OS Error: No such file or directory, errno = 2)

```
#0      _Directory._deleteSync (dart:io/directory_impl.dart:201:7)
#1      FileSystemEntity.deleteSync (dart:io/file_system_entity.dart:408:7)
#2      ForwardingFileSystemEntity.deleteSync (package:file/src/forwarding/forwarding_file_system_entity.dart:70:16)
#3      ErrorHandlingDirectory.deleteSync.<anonymous closure> (package:flutter_tools/src/base/error_handling_io.dart:486:22)
#4      _runSync (package:flutter_tools/src/base/error_handling_io.dart:597:14)
#5      ErrorHandlingDirectory.deleteSync (package:flutter_tools/src/base/error_handling_io.dart:485:12)
#6      _createPlatformPluginSymlinks (package:flutter_tools/src/flutter_plugins.dart:998:22)
#7      createPluginSymlinks (package:flutter_tools/src/flutter_plugins.dart:954:5)
#8      refreshPluginsList (package:flutter_tools/src/flutter_plugins.dart:1038:5)
<asynchronous suspension>
#9      FlutterProject.ensureReadyForPlatformSpecificTooling (package:flutter_tools/src/project.dart:316:5)
<asynchronous suspension>
#10     PackagesGetCommand.runCommand (package:flutter_tools/src/commands/packages.dart:173:5)
<asynchronous suspension>
#11     FlutterCommand.run.<anonymous closure> (package:flutter_tools/src/runner/flutter_command.dart:1125:27)
<asynchronous suspension>
#12     AppContext.run.<anonymous closure> (package:flutter_tools/src/base/context.dart:150:19)
<asynchronous suspension>
#13     CommandRunner.runCommand (package:args/command_runner.dart:209:13)
<asynchronous suspension>
#14     FlutterCommandRunner.runCommand.<anonymous closure> (package:flutter_tools/src/runner/flutter_command_runner.dart:288:9)
<asynchronous suspension>
#15     AppContext.run.<anonymous closure> (package:flutter_tools/src/base/context.dart:150:19)
<asynchronous suspension>
#16     FlutterCommandRunner.runCommand (package:flutter_tools/src/runner/flutter_command_runner.dart:236:5)
<asynchronous suspension>
#17     run.<anonymous closure>.<anonymous closure> (package:flutter_tools/runner.dart:62:9)
<asynchronous suspension>
#18     AppContext.run.<anonymous closure> (package:flutter_tools/src/base/context.dart:150:19)
<asynchronous suspension>
#19     main (package:flutter_tools/executable.dart:92:3)
<asynchronous suspension>
```

## flutter doctor

```
[✓] Flutter (Channel stable, 2.5.0, on Ubuntu 20.04.1 LTS 5.8.0-55-generic, locale en_NG)
    • Flutter version 2.5.0 at /home/idunnuoluwa/snap/flutter/common/flutter
    • Upstream repository https://github.com/flutter/flutter.git
    • Framework revision 4cc385b4b8 (2 weeks ago), 2021-09-07 23:01:49 -0700
    • Engine revision f0826da7ef
    • Dart version 2.14.0

[✓] Android toolchain - develop for Android devices (Android SDK version 30.0.3)
    • Android SDK at /home/idunnuoluwa/Android/Sdk
    • Platform android-30, build-tools 30.0.3
    • Java binary at: /snap/android-studio/current/android-studio/jre/bin/java
    • Java version OpenJDK Runtime Environment (build 11.0.10+0-b96-7249189)
    • All Android licenses accepted.

[✓] Chrome - develop for the web
    • Chrome at google-chrome

[✓] Linux toolchain - develop for Linux desktop
    • clang version 6.0.0-1ubuntu2 (tags/RELEASE_600/final)
    • cmake version 3.10.2
    • ninja version 1.8.2
    • pkg-config version 0.29.1

[✓] Android Studio (version 2020.3)
    • Android Studio at /snap/android-studio/114/android-studio
    • Flutter plugin version 59.0.2
    • Dart plugin version 203.8292
    • Java version OpenJDK Runtime Environment (build 11.0.10+0-b96-7249189)

[✓] Android Studio
    • Android Studio at /snap/android-studio/current/android-studio
    • Flutter plugin can be installed from:
      🔨 https://plugins.jetbrains.com/plugin/9212-flutter
    • Dart plugin can be installed from:
      🔨 https://plugins.jetbrains.com/plugin/6351-dart
    • android-studio-dir = /snap/android-studio/current/android-studio
    • Java version OpenJDK Runtime Environment (build 11.0.10+0-b96-7249189)

[✓] VS Code
    • VS Code at /snap/code/current
    • Flutter extension version 3.26.0

[✓] Connected device (2 available)
    • Linux (desktop) • linux  • linux-x64      • Ubuntu 20.04.1 LTS 5.8.0-55-generic
    • Chrome (web)    • chrome • web-javascript • Google Chrome 92.0.4515.131

• No issues found!
```
